<?xml version='1.0'?>
<ns2:test-suite xmlns:ns2='urn:model.allure.qatools.yandex.ru' start='1656878651373' stop='1656878663751'>
    <name>Basic tests for ToDo app</name>
    <title>Basic tests for ToDo app</title>
    <test-cases>
        <test-case start='1656878651373' status='passed' stop='1656878661930'>
            <name>should open todos application</name>
            <title>should open todos application</title>
            <labels/>
            <parameters/>
            <steps/>
            <attachments/>
        </test-case>
        <test-case start='1656878661930' status='passed' stop='1656878662147'>
            <name>add 1 item to list</name>
            <title>add 1 item to list</title>
            <labels/>
            <parameters/>
            <steps/>
            <attachments/>
        </test-case>
        <test-case start='1656878662147' status='passed' stop='1656878662405'>
            <name>add multiple items to list</name>
            <title>add multiple items to list</title>
            <labels/>
            <parameters/>
            <steps/>
            <attachments/>
        </test-case>
        <test-case start='1656878662405' status='passed' stop='1656878662614'>
            <name>mark 2 items complete</name>
            <title>mark 2 items complete</title>
            <labels/>
            <parameters/>
            <steps/>
            <attachments/>
        </test-case>
        <test-case start='1656878662614' status='passed' stop='1656878662851'>
            <name>delete 1 item</name>
            <title>delete 1 item</title>
            <labels/>
            <parameters/>
            <steps/>
            <attachments/>
        </test-case>
        <test-case start='1656878662851' status='passed' stop='1656878663072'>
            <name>edit 1 item</name>
            <title>edit 1 item</title>
            <labels/>
            <parameters/>
            <steps/>
            <attachments/>
        </test-case>
        <test-case start='1656878663072' status='failed' stop='1656878663309'>
            <name>add duplicate items</name>
            <title>add duplicate items</title>
            <labels/>
            <parameters/>
            <steps/>
            <attachments/>
            <failure>
                <message>Expected $.length = 6 to equal 4.
                Expected $[1] = 'Test Strategy' to equal 'Test Execution_updated'.
                Expected $[2] = 'Test Plan' to equal 'Defect Report'.
                Expected $[3] = 'Test Execution_updated' to equal 'Defect Report'.
                Expected $[4] = 'Defect Report' to equal undefined.
                Expected $[5] = 'Defect Report' to equal undefined.</message>
                <stack-trace>Error: Failed expectation
                    at HomePage.verifyItemsAdded (/Users/srividya/VSProjects/ToDoAutomate/Pages/HomePage.js:68:37)
                    at UserContext.&lt;anonymous> (/Users/srividya/VSProjects/ToDoAutomate/Tests/BasicTests.js:78:16)
                    at /usr/local/lib/node_modules/protractor/node_modules/jasminewd2/index.js:112:25
                    at new ManagedPromise (/usr/local/lib/node_modules/protractor/node_modules/selenium-webdriver/lib/promise.js:1077:7)
                    at ControlFlow.promise (/usr/local/lib/node_modules/protractor/node_modules/selenium-webdriver/lib/promise.js:2505:12)
                    at schedulerExecute (/usr/local/lib/node_modules/protractor/node_modules/jasminewd2/index.js:95:18)
                    at TaskQueue.execute_ (/usr/local/lib/node_modules/protractor/node_modules/selenium-webdriver/lib/promise.js:3084:14)
                    at TaskQueue.executeNext_ (/usr/local/lib/node_modules/protractor/node_modules/selenium-webdriver/lib/promise.js:3067:27)
                    at /usr/local/lib/node_modules/protractor/node_modules/selenium-webdriver/lib/promise.js:2927:27</stack-trace>
            </failure>
        </test-case>
        <test-case start='1656878663309' status='passed' stop='1656878663594'>
            <name>edit completed item</name>
            <title>edit completed item</title>
            <labels/>
            <parameters/>
            <steps/>
            <attachments/>
        </test-case>
        <test-case start='1656878663594' status='failed' stop='1656878663750'>
            <name>clear completed items</name>
            <title>clear completed items</title>
            <labels/>
            <parameters/>
            <steps/>
            <attachments/>
            <failure>
                <message>Expected '4 items left' to equal '2 items left'.</message>
                <stack-trace>Error: Failed expectation
                    at HomePage.verifyCountText (/Users/srividya/VSProjects/ToDoAutomate/Pages/HomePage.js:54:39)
                    at UserContext.&lt;anonymous> (/Users/srividya/VSProjects/ToDoAutomate/Tests/BasicTests.js:97:16)
                    at /usr/local/lib/node_modules/protractor/node_modules/jasminewd2/index.js:112:25
                    at new ManagedPromise (/usr/local/lib/node_modules/protractor/node_modules/selenium-webdriver/lib/promise.js:1077:7)
                    at ControlFlow.promise (/usr/local/lib/node_modules/protractor/node_modules/selenium-webdriver/lib/promise.js:2505:12)
                    at schedulerExecute (/usr/local/lib/node_modules/protractor/node_modules/jasminewd2/index.js:95:18)
                    at TaskQueue.execute_ (/usr/local/lib/node_modules/protractor/node_modules/selenium-webdriver/lib/promise.js:3084:14)
                    at TaskQueue.executeNext_ (/usr/local/lib/node_modules/protractor/node_modules/selenium-webdriver/lib/promise.js:3067:27)
                    at /usr/local/lib/node_modules/protractor/node_modules/selenium-webdriver/lib/promise.js:2927:27</stack-trace>
            </failure>
        </test-case>
    </test-cases>
</ns2:test-suite>