<?xml version='1.0'?>
<ns2:test-suite xmlns:ns2='urn:model.allure.qatools.yandex.ru' start='1656878005855' stop='1656878018054'>
    <name>Basic tests for ToDo app</name>
    <title>Basic tests for ToDo app</title>
    <test-cases>
        <test-case start='1656878005855' status='passed' stop='1656878016426'>
            <name>should open todos application</name>
            <title>should open todos application</title>
            <labels/>
            <parameters/>
            <steps/>
            <attachments/>
        </test-case>
        <test-case start='1656878016426' status='passed' stop='1656878016657'>
            <name>add 1 item to list</name>
            <title>add 1 item to list</title>
            <labels/>
            <parameters/>
            <steps/>
            <attachments/>
        </test-case>
        <test-case start='1656878016657' status='passed' stop='1656878016901'>
            <name>add multiple items to list</name>
            <title>add multiple items to list</title>
            <labels/>
            <parameters/>
            <steps/>
            <attachments/>
        </test-case>
        <test-case start='1656878016901' status='passed' stop='1656878017101'>
            <name>mark 2 items complete</name>
            <title>mark 2 items complete</title>
            <labels/>
            <parameters/>
            <steps/>
            <attachments/>
        </test-case>
        <test-case start='1656878017102' status='passed' stop='1656878017337'>
            <name>delete 1 item</name>
            <title>delete 1 item</title>
            <labels/>
            <parameters/>
            <steps/>
            <attachments/>
        </test-case>
        <test-case start='1656878017337' status='passed' stop='1656878017561'>
            <name>edit 1 item</name>
            <title>edit 1 item</title>
            <labels/>
            <parameters/>
            <steps/>
            <attachments/>
        </test-case>
        <test-case start='1656878017561' status='failed' stop='1656878017808'>
            <name>add duplicate items</name>
            <title>add duplicate items</title>
            <labels/>
            <parameters/>
            <steps/>
            <attachments/>
            <failure>
                <message>Expected $.length = 6 to equal 4.
                Expected $[1] = 'Test Strategy' to equal 'Test Execution'.
                Expected $[2] = 'Test Plan' to equal 'Defect Report'.
                Expected $[3] = 'Test Execution_updated' to equal 'Defect Report'.
                Expected $[4] = 'Defect Report' to equal undefined.
                Expected $[5] = 'Defect Report' to equal undefined.</message>
                <stack-trace>Error: Failed expectation
                    at HomePage.verifyItemsAdded (/Users/srividya/VSProjects/ToDoAutomate/Pages/HomePage.js:68:37)
                    at UserContext.&lt;anonymous> (/Users/srividya/VSProjects/ToDoAutomate/Tests/BasicTests.js:77:16)
                    at /usr/local/lib/node_modules/protractor/node_modules/jasminewd2/index.js:112:25
                    at new ManagedPromise (/usr/local/lib/node_modules/protractor/node_modules/selenium-webdriver/lib/promise.js:1077:7)
                    at ControlFlow.promise (/usr/local/lib/node_modules/protractor/node_modules/selenium-webdriver/lib/promise.js:2505:12)
                    at schedulerExecute (/usr/local/lib/node_modules/protractor/node_modules/jasminewd2/index.js:95:18)
                    at TaskQueue.execute_ (/usr/local/lib/node_modules/protractor/node_modules/selenium-webdriver/lib/promise.js:3084:14)
                    at TaskQueue.executeNext_ (/usr/local/lib/node_modules/protractor/node_modules/selenium-webdriver/lib/promise.js:3067:27)
                    at /usr/local/lib/node_modules/protractor/node_modules/selenium-webdriver/lib/promise.js:2927:27</stack-trace>
            </failure>
        </test-case>
        <test-case start='1656878017808' status='failed' stop='1656878018053'>
            <name>edit completed item</name>
            <title>edit completed item</title>
            <labels/>
            <parameters/>
            <steps/>
            <attachments/>
            <failure>
                <message>Failed: positiveTests is not defined</message>
                <stack-trace>ReferenceError: positiveTests is not defined
                    at UserContext.&lt;anonymous> (/Users/srividya/VSProjects/ToDoAutomate/Tests/BasicTests.js:84:9)
                    at /usr/local/lib/node_modules/protractor/node_modules/jasminewd2/index.js:112:25
                    at new ManagedPromise (/usr/local/lib/node_modules/protractor/node_modules/selenium-webdriver/lib/promise.js:1077:7)
                    at ControlFlow.promise (/usr/local/lib/node_modules/protractor/node_modules/selenium-webdriver/lib/promise.js:2505:12)
                    at schedulerExecute (/usr/local/lib/node_modules/protractor/node_modules/jasminewd2/index.js:95:18)
                    at TaskQueue.execute_ (/usr/local/lib/node_modules/protractor/node_modules/selenium-webdriver/lib/promise.js:3084:14)
                    at TaskQueue.executeNext_ (/usr/local/lib/node_modules/protractor/node_modules/selenium-webdriver/lib/promise.js:3067:27)
                    at /usr/local/lib/node_modules/protractor/node_modules/selenium-webdriver/lib/promise.js:2927:27
                    at /usr/local/lib/node_modules/protractor/node_modules/selenium-webdriver/lib/promise.js:668:7
                    at processTicksAndRejections (node:internal/process/task_queues:96:5)
                From: Task: Run it("edit completed item") in control flow
                    at UserContext.&lt;anonymous> (/usr/local/lib/node_modules/protractor/node_modules/jasminewd2/index.js:94:19)
                    at attempt (/usr/local/lib/node_modules/protractor/node_modules/jasmine-core/lib/jasmine-core/jasmine.js:4297:26)
                    at QueueRunner.run (/usr/local/lib/node_modules/protractor/node_modules/jasmine-core/lib/jasmine-core/jasmine.js:4217:20)
                    at QueueRunner.execute (/usr/local/lib/node_modules/protractor/node_modules/jasmine-core/lib/jasmine-core/jasmine.js:4199:10)
                    at Spec.queueRunnerFactory (/usr/local/lib/node_modules/protractor/node_modules/jasmine-core/lib/jasmine-core/jasmine.js:909:35)
                    at Spec.execute (/usr/local/lib/node_modules/protractor/node_modules/jasmine-core/lib/jasmine-core/jasmine.js:526:10)
                    at UserContext.fn (/usr/local/lib/node_modules/protractor/node_modules/jasmine-core/lib/jasmine-core/jasmine.js:5340:37)
                    at attempt (/usr/local/lib/node_modules/protractor/node_modules/jasmine-core/lib/jasmine-core/jasmine.js:4297:26)
                    at QueueRunner.run (/usr/local/lib/node_modules/protractor/node_modules/jasmine-core/lib/jasmine-core/jasmine.js:4217:20)
                    at runNext (/usr/local/lib/node_modules/protractor/node_modules/jasmine-core/lib/jasmine-core/jasmine.js:4257:20)
                From asynchronous test: 
                Error
                    at Suite.&lt;anonymous> (/Users/srividya/VSProjects/ToDoAutomate/Tests/BasicTests.js:82:5)
                    at addSpecsToSuite (/usr/local/lib/node_modules/protractor/node_modules/jasmine-core/lib/jasmine-core/jasmine.js:1107:25)
                    at Env.describe (/usr/local/lib/node_modules/protractor/node_modules/jasmine-core/lib/jasmine-core/jasmine.js:1074:7)
                    at describe (/usr/local/lib/node_modules/protractor/node_modules/jasmine-core/lib/jasmine-core/jasmine.js:4399:18)
                    at Object.&lt;anonymous> (/Users/srividya/VSProjects/ToDoAutomate/Tests/BasicTests.js:3:1)
                    at Module._compile (node:internal/modules/cjs/loader:1105:14)
                    at Object.Module._extensions..js (node:internal/modules/cjs/loader:1159:10)
                    at Module.load (node:internal/modules/cjs/loader:981:32)
                    at Function.Module._load (node:internal/modules/cjs/loader:822:12)</stack-trace>
            </failure>
        </test-case>
    </test-cases>
</ns2:test-suite>